<?xml version="1.0" encoding="UTF-8"?>
<Site BuildName="(empty)"
	BuildStamp="20251118-1405-Experimental"
	Name="ltq-B365M-D2V"
	Generator="ctest-3.16.3"
	CompilerName="/usr/bin/g++"
	CompilerVersion="13.1.0"
	OSName="Linux"
	Hostname="ltq-B365M-D2V"
	OSRelease="5.15.0-139-generic"
	OSVersion="#149~20.04.1-Ubuntu SMP Wed Apr 16 08:29:56 UTC 2025"
	OSPlatform="x86_64"
	Is64Bits="1"
	VendorString="GenuineIntel"
	VendorID="Intel Corporation"
	FamilyID="6"
	ModelID="158"
	ProcessorCacheSize="6144"
	NumberOfLogicalCPU="4"
	NumberOfPhysicalCPU="4"
	TotalVirtualMemory="2047"
	TotalPhysicalMemory="15933"
	LogicalProcessorsPerPhysical="1"
	ProcessorClockFrequency="4000"
	>
	<Testing>
		<StartDateTime>Nov 18 21:19 +07</StartDateTime>
		<StartTestTime>1763475585</StartTestTime>
		<TestList/>
		<EndDateTime>Nov 18 21:19 +07</EndDateTime>
		<EndTestTime>1763475585</EndTestTime>
		<ElapsedMinutes>0</ElapsedMinutes>
	</Testing>
</Site>
